2017-10-26 00:15:44.5674 [DEBUG] Authenticating with server...
2017-10-26 00:15:44.9054 [DEBUG] Connected to room. (46658:SceneFusion:SceneFusion)
2017-10-26 00:15:44.9104 [INFO] Connected to server.
2017-10-26 00:15:44.9104 [DEBUG] OS : Microsoft Windows NT 6.1.7601.0
2017-10-26 00:15:44.9104 [DEBUG] Unity Version : 2017.1.1f1
2017-10-26 00:15:44.9104 [DEBUG] Pro License : False
2017-10-26 00:15:44.9104 [DEBUG] Platform : WindowsEditor
2017-10-26 00:15:44.9114 [DEBUG] Build Target : StandaloneWindows
2017-10-26 00:15:44.9114 [DEBUG] Scene Fusion version : 1.6.0
2017-10-26 00:15:44.9114 [DEBUG] User : 
2017-10-26 00:15:45.0564 [DEBUG] Tier: Scene Fusion Free, Permissions: 00000500
2017-10-26 00:15:45.0564 [DEBUG] User Permissions: FFFFFFFF
2017-10-26 00:15:45.9344 [DEBUG] No stand-in for UnityEngine.CustomRenderTexture
2017-10-26 00:15:45.9344 [DEBUG] No stand-in for UnityEngine.U2D.SpriteAtlas
2017-10-26 00:15:45.9344 [DEBUG] No stand-in for UnityEngine.AI.NavMeshData
2017-10-26 00:15:45.9344 [DEBUG] No stand-in for UnityEngine.AvatarMask
2017-10-26 00:15:45.9344 [DEBUG] No stand-in for UnityEngine.Video.VideoClip
2017-10-26 00:15:46.2434 [DEBUG] Uploading scene 'Game'
2017-10-26 00:15:47.5044 [DEBUG] Spawn request. (Objects: 120)
2017-10-26 00:25:11.0844 [DEBUG] Refresh token (54Z81i2F9Yebr9bdPuwgFifHBQ2Z28y5CDMUWc1ENsq7aefUAuT3sTcKfJ9km5LFQtgzZ1TTa3gduoHC1Lnh0PIjgzMSPb7iYuRh8qxiZNhC8wknA9LQyKxbCODF0Afnbid6Po1DO7rbn8o8ndztcbmPu46apjncsj4DC2YUM5tyZnNEupytjmMCm45qgBOGWAtnpDylpeXKwz3ZlMmP8TIn5bs4d5g2mTtgiLznTBzhbjlyNtrlMg33bIOSJGb) error: {"err":"Error getting response stream (ReadDone2): ReceiveFailure"}
2017-10-26 00:31:55.0114 [DEBUG] Spawn request. (Objects: 1)
2017-10-26 00:32:18.9784 [DEBUG] Spawn request. (Objects: 1)
2017-10-26 00:34:25.2714 [DEBUG] Spawn request. (Objects: 4)
2017-10-26 00:34:27.7864 [DEBUG] Spawn request. (Objects: 4)
2017-10-26 00:34:31.2434 [DEBUG] Spawn request. (Objects: 4)
2017-10-26 00:34:31.7114 [DEBUG] Spawn request. (Objects: 4)
2017-10-26 00:34:31.8634 [DEBUG] Spawn request. (Objects: 4)
2017-10-26 00:34:32.1694 [DEBUG] Spawn request. (Objects: 4)
2017-10-26 00:34:32.3284 [DEBUG] Spawn request. (Objects: 4)
2017-10-26 00:34:37.2674 [DEBUG] Spawn request. (Objects: 4)
2017-10-26 00:34:40.5804 [DEBUG] Spawn request. (Objects: 4)
2017-10-26 00:34:42.9924 [DEBUG] Spawn request. (Objects: 4)
2017-10-26 00:34:59.9894 [DEBUG] Spawn request. (Objects: 1)
2017-10-26 00:35:14.4514 [DEBUG] Spawn request. (Objects: 1)
2017-10-26 00:35:15.8334 [DEBUG] Spawn request. (Objects: 1)
2017-10-26 00:35:37.9104 [DEBUG] Spawn request. (Objects: 1)
2017-10-26 00:35:38.9974 [DEBUG] Spawn request. (Objects: 1)
2017-10-26 00:35:39.7944 [DEBUG] Spawn request. (Objects: 1)
2017-10-26 00:35:40.9094 [DEBUG] Spawn request. (Objects: 1)
2017-10-26 00:35:46.2474 [DEBUG] Spawn request. (Objects: 1)
2017-10-26 00:35:55.2754 [DEBUG] Spawn request. (Objects: 4)
2017-10-26 00:36:00.7334 [DEBUG] Spawn request. (Objects: 4)
2017-10-26 00:36:29.8344 [DEBUG] Spawn request. (Objects: 1)
2017-10-26 00:36:31.4164 [DEBUG] Spawn request. (Objects: 1)
2017-10-26 00:36:33.2614 [DEBUG] Spawn request. (Objects: 1)
2017-10-26 00:36:41.6504 [DEBUG] Spawn request. (Objects: 1)
2017-10-26 00:36:52.7994 [DEBUG] Spawn request. (Objects: 1)
2017-10-26 00:36:56.0204 [DEBUG] Spawn request. (Objects: 1)
2017-10-26 00:37:17.1384 [DEBUG] Spawn request. (Objects: 1)
2017-10-26 00:37:50.3994 [DEBUG] Spawn request. (Objects: 1)
2017-10-26 00:38:00.3994 [DEBUG] Spawn request. (Objects: 1)
2017-10-26 00:38:17.9574 [DEBUG] Spawn request. (Objects: 2)
2017-10-26 00:38:19.2094 [DEBUG] Spawn request. (Objects: 2)
2017-10-26 00:38:21.3904 [DEBUG] Spawn request. (Objects: 2)
2017-10-26 00:42:28.1974 [DEBUG] Spawn request. (Objects: 1)
2017-10-26 00:42:41.3704 [DEBUG] Spawn request. (Objects: 1)
2017-10-26 00:44:50.8894 [DEBUG] Spawn request. (Objects: 1)
2017-10-26 00:44:56.5844 [DEBUG] Spawn request. (Objects: 1)
2017-10-26 00:45:02.6954 [DEBUG] Spawn request. (Objects: 1)
2017-10-26 00:45:10.7654 [DEBUG] Spawn request. (Objects: 3)
2017-10-26 00:45:25.5984 [DEBUG] Spawn request. (Objects: 1)
2017-10-26 00:47:55.5204 [DEBUG] Spawn request. (Objects: 1)
2017-10-26 00:47:59.9784 [DEBUG] Spawn request. (Objects: 1)
2017-10-26 00:48:20.7554 [DEBUG] Spawn request. (Objects: 1)
2017-10-26 00:49:45.0794 [DEBUG] Spawn request. (Objects: 2)
2017-10-26 00:49:47.9124 [DEBUG] Spawn request. (Objects: 2)
2017-10-26 00:49:53.3504 [DEBUG] Spawn request. (Objects: 2)
2017-10-26 00:49:57.7304 [DEBUG] Spawn request. (Objects: 2)
2017-10-26 00:50:43.9044 [DEBUG] Spawn request. (Objects: 1)
2017-10-26 00:50:45.2854 [DEBUG] Spawn request. (Objects: 1)
2017-10-26 00:51:14.9634 [DEBUG] Spawn request. (Objects: 2)
2017-10-26 00:51:19.0424 [DEBUG] Spawn request. (Objects: 2)
2017-10-26 00:51:22.4114 [DEBUG] Spawn request. (Objects: 2)
2017-10-26 00:51:23.8014 [DEBUG] Spawn request. (Objects: 2)
2017-10-26 00:51:24.9124 [DEBUG] Spawn request. (Objects: 2)
2017-10-26 00:51:25.6984 [DEBUG] Spawn request. (Objects: 2)
2017-10-26 00:52:12.6204 [DEBUG] Spawn request. (Objects: 2)
2017-10-26 00:52:16.9934 [DEBUG] Spawn request. (Objects: 2)
2017-10-26 00:52:18.2404 [DEBUG] Spawn request. (Objects: 2)
2017-10-26 00:52:35.3614 [DEBUG] Spawn request. (Objects: 1)
2017-10-26 00:53:08.7494 [ERROR] NullReferenceException: Object reference not set to an instance of an object
EastshadeStudio.PrefabStamper.LayStamp () (at Assets/Editor/PrefabStamper.cs:324)
EastshadeStudio.PrefabStamper.OnScene (UnityEditor.SceneView sceneview) (at Assets/Editor/PrefabStamper.cs:244)
UnityEditor.SceneView.CallOnSceneGUI () (at C:/buildslave/unity/build/Editor/Mono/SceneView/SceneView.cs:2419)
UnityEditor.SceneView.HandleSelectionAndOnSceneGUI () (at C:/buildslave/unity/build/Editor/Mono/SceneView/SceneView.cs:1737)
UnityEditor.SceneView.OnGUI () (at C:/buildslave/unity/build/Editor/Mono/SceneView/SceneView.cs:1569)
System.Reflection.MonoMethod.Invoke (System.Object obj, BindingFlags invokeAttr, System.Reflection.Binder binder, System.Object[] parameters, System.Globalization.CultureInfo culture) (at /Users/builduser/buildslave/mono/build/mcs/class/corlib/System.Reflection/MonoMethod.cs:222)
Rethrow as TargetInvocationException: Exception has been thrown by the target of an invocation.
System.Reflection.MonoMethod.Invoke (System.Object obj, BindingFlags invokeAttr, System.Reflection.Binder binder, System.Object[] parameters, System.Globalization.CultureInfo culture) (at /Users/builduser/buildslave/mono/build/mcs/class/corlib/System.Reflection/MonoMethod.cs:232)
System.Reflection.MethodBase.Invoke (System.Object obj, System.Object[] parameters) (at /Users/builduser/buildslave/mono/build/mcs/class/corlib/System.Reflection/MethodBase.cs:115)
UnityEditor.HostView.Invoke (System.String methodName, System.Object obj) (at C:/buildslave/unity/build/Editor/Mono/HostView.cs:272)
UnityEditor.HostView.Invoke (System.String methodName) (at C:/buildslave/unity/build/Editor/Mono/HostView.cs:265)
UnityEditor.HostView.InvokeOnGUI (Rect onGUIPosition) (at C:/buildslave/unity/build/Editor/Mono/HostView.cs:232)

2017-10-26 00:53:19.0934 [DEBUG] Spawn request. (Objects: 1)
2017-10-26 00:54:26.6934 [DEBUG] Spawn request. (Objects: 1)
2017-10-26 00:54:46.9964 [DEBUG] Spawn request. (Objects: 1)
2017-10-26 00:54:56.1944 [DEBUG] Spawn request. (Objects: 2)
2017-10-26 00:55:32.6194 [DEBUG] Spawn request. (Objects: 1)
2017-10-26 00:55:59.9984 [DEBUG] Spawn request. (Objects: 1)
2017-10-26 00:57:08.7044 [DEBUG] Spawn request. (Objects: 4)
2017-10-26 00:57:10.8794 [DEBUG] Spawn request. (Objects: 4)
2017-10-26 00:57:14.7884 [DEBUG] Spawn request. (Objects: 4)
2017-10-26 00:57:16.4594 [DEBUG] Spawn request. (Objects: 4)
2017-10-26 00:57:24.6114 [DEBUG] Spawn request. (Objects: 4)
2017-10-26 00:57:25.5604 [DEBUG] Spawn request. (Objects: 4)
2017-10-26 00:57:26.3464 [DEBUG] Spawn request. (Objects: 4)
2017-10-26 00:57:27.1464 [DEBUG] Spawn request. (Objects: 4)
2017-10-26 00:57:29.7124 [DEBUG] Spawn request. (Objects: 4)
2017-10-26 00:57:30.8354 [DEBUG] Spawn request. (Objects: 4)
2017-10-26 00:57:32.0974 [DEBUG] Spawn request. (Objects: 4)
2017-10-26 00:57:33.2054 [DEBUG] Spawn request. (Objects: 4)
2017-10-26 00:57:34.6614 [DEBUG] Spawn request. (Objects: 4)
2017-10-26 00:57:36.8774 [DEBUG] Spawn request. (Objects: 4)
2017-10-26 00:57:47.2184 [DEBUG] Spawn request. (Objects: 1)
2017-10-26 00:57:50.3804 [DEBUG] Spawn request. (Objects: 1)
2017-10-26 00:58:17.6164 [DEBUG] Spawn request. (Objects: 2)
2017-10-26 00:58:20.1924 [DEBUG] Spawn request. (Objects: 2)
2017-10-26 00:58:21.7014 [DEBUG] Spawn request. (Objects: 2)
2017-10-26 00:58:23.9794 [DEBUG] Spawn request. (Objects: 1)
2017-10-26 00:58:25.5834 [DEBUG] Spawn request. (Objects: 2)
2017-10-26 00:58:28.8704 [DEBUG] Spawn request. (Objects: 2)
2017-10-26 00:59:00.9574 [DEBUG] Spawn request. (Objects: 1)
2017-10-26 00:59:20.9844 [DEBUG] Spawn request. (Objects: 1)
2017-10-26 01:00:07.8554 [DEBUG] Spawn request. (Objects: 1)
2017-10-26 01:00:11.7574 [DEBUG] Spawn request. (Objects: 1)
2017-10-26 01:00:21.2884 [DEBUG] Spawn request. (Objects: 1)
2017-10-26 01:00:29.2444 [DEBUG] Spawn request. (Objects: 4)
2017-10-26 01:02:13.9244 [DEBUG] Spawn request. (Objects: 1)
2017-10-26 01:02:27.1804 [DEBUG] Spawn request. (Objects: 1)
2017-10-26 01:02:40.6314 [DEBUG] Spawn request. (Objects: 1)
2017-10-26 01:09:08.0334 [DEBUG] Disconnecting from room (46658:SceneFusion:SceneFusion)
2017-10-26 01:09:08.0374 [INFO] Disconnected from server.
2017-10-26 01:09:08.0374 [DEBUG] Disconnect. (Duration: 3202)
