2017-10-26 00:15:44.2044 [DEBUG] Connecting to room (46658:SceneFusion:SceneFusion) via TCP at console.kinematicsoup.com:1025
2017-10-26 01:09:08.1024 [DEBUG] Sent S:/Unity Projects/Creative Proj 2 Files/Creative-Project-2/KSEditorLogs/SessionLogs/session.46658-636445737442144109.log
2017-10-26 01:13:09.5224 [DEBUG] Refresh token (QOSle93KdXYnqzRpBWLSrYhefMFdkZu1aFd7DOSCQKIQyad2D3EA2MToQStKO6wKiud9zhsmAwCfbfCKRMjo9GSqpje3s1446RQb8pexfh1XXin90cNnRrZzJfHoGX2d2hAqDJij5IxsGsjeC66ak1LU7lp6koRZK7OwsFCUHIap6wtCMSnnWiUk0e4NF8uhECzazu6NDwFM9l7WEelFW9nKdUOzsHA3H8pTI9WcL2P4F3hDGCEnSBmOrfXnrJI) error: {"err":"Error getting response stream (ReadDone2): ReceiveFailure"}
2017-10-26 04:40:30.9264 [DEBUG] Refresh token (DPCKZaBeESSK539YLXnUIXrzUhLS8Z7UnQLLLNDD3rJmY1WeB3fblFJeGaPe0JRULAFZorpRe4El60bOpzej79X2i85mXQQMPcQ4Tfu5ciSz0KNtejd9XikzpJamujRPCH1ugjw6j6Fc4TS0p8d4BXbUENTIFrnykt5HuCHlF6UC1IZccm51iqqWc7OyQhpbPNJmri35ZUiLbT41HGMfcefehSErPIA1muZ4uyYAml4UDhwt9TXGPkWxIXQWi9c) error: {"err":"Error getting response stream (ReadDone2): ReceiveFailure"}
2017-10-26 04:45:21.7794 [DEBUG] Scene Fusion version 1.6.0-1
2017-10-26 04:45:21.9984 [DEBUG] Play mode: True, sync in play mode: False
2017-10-26 04:45:28.5424 [DEBUG] Play mode: False
2017-10-26 04:53:23.3294 [DEBUG] Refresh token (DPCKZaBeESSK539YLXnUIXrzUhLS8Z7UnQLLLNDD3rJmY1WeB3fblFJeGaPe0JRULAFZorpRe4El60bOpzej79X2i85mXQQMPcQ4Tfu5ciSz0KNtejd9XikzpJamujRPCH1ugjw6j6Fc4TS0p8d4BXbUENTIFrnykt5HuCHlF6UC1IZccm51iqqWc7OyQhpbPNJmri35ZUiLbT41HGMfcefehSErPIA1muZ4uyYAml4UDhwt9TXGPkWxIXQWi9c) error: {"err":"Error getting response stream (ReadDone2): ReceiveFailure"}
2017-10-26 05:18:24.2814 [DEBUG] Scene Fusion version 1.6.0-1
2017-10-26 05:18:24.4014 [DEBUG] Play mode: True, sync in play mode: False
2017-10-26 05:18:38.3984 [DEBUG] Play mode: False
2017-10-26 05:18:58.4524 [DEBUG] Scene Fusion version 1.6.0-1
2017-10-26 05:18:58.5334 [DEBUG] Play mode: True, sync in play mode: False
2017-10-26 05:22:58.8174 [DEBUG] Refresh token (DPCKZaBeESSK539YLXnUIXrzUhLS8Z7UnQLLLNDD3rJmY1WeB3fblFJeGaPe0JRULAFZorpRe4El60bOpzej79X2i85mXQQMPcQ4Tfu5ciSz0KNtejd9XikzpJamujRPCH1ugjw6j6Fc4TS0p8d4BXbUENTIFrnykt5HuCHlF6UC1IZccm51iqqWc7OyQhpbPNJmri35ZUiLbT41HGMfcefehSErPIA1muZ4uyYAml4UDhwt9TXGPkWxIXQWi9c) error: {"err":"Error getting response stream (ReadDone2): ReceiveFailure"}
2017-10-26 05:24:09.0314 [DEBUG] Play mode: False
2017-10-26 05:24:20.5484 [DEBUG] Scene Fusion version 1.6.0-1
2017-10-26 05:24:20.6354 [DEBUG] Play mode: True, sync in play mode: False
2017-10-26 05:25:00.9434 [DEBUG] Play mode: False
2017-10-26 05:26:21.6034 [DEBUG] Refresh token (DPCKZaBeESSK539YLXnUIXrzUhLS8Z7UnQLLLNDD3rJmY1WeB3fblFJeGaPe0JRULAFZorpRe4El60bOpzej79X2i85mXQQMPcQ4Tfu5ciSz0KNtejd9XikzpJamujRPCH1ugjw6j6Fc4TS0p8d4BXbUENTIFrnykt5HuCHlF6UC1IZccm51iqqWc7OyQhpbPNJmri35ZUiLbT41HGMfcefehSErPIA1muZ4uyYAml4UDhwt9TXGPkWxIXQWi9c) error: {"err":"Error getting response stream (ReadDone2): ReceiveFailure"}
2017-10-26 05:26:43.8844 [DEBUG] Scene Fusion version 1.6.0-1
2017-10-26 05:26:43.9734 [DEBUG] Play mode: True, sync in play mode: False
2017-10-26 05:27:11.5774 [DEBUG] Play mode: False
2017-10-26 05:28:16.9834 [DEBUG] Scene Fusion version 1.6.0-1
2017-10-26 05:28:17.0654 [DEBUG] Play mode: True, sync in play mode: False
2017-10-26 05:28:29.3614 [DEBUG] Play mode: False
2017-10-26 05:28:54.3544 [DEBUG] Scene Fusion version 1.6.0-1
2017-10-26 05:28:54.4524 [DEBUG] Play mode: True, sync in play mode: False
2017-10-26 05:30:26.2884 [DEBUG] Play mode: False
2017-10-26 05:39:50.9814 [DEBUG] Scene Fusion version 1.6.0-1
2017-10-26 05:41:32.5204 [DEBUG] Scene Fusion version 1.6.0-1
2017-10-26 05:41:32.7104 [DEBUG] Play mode: True, sync in play mode: False
2017-10-26 05:42:12.7024 [DEBUG] Play mode: False
2017-10-26 05:58:22.2084 [DEBUG] Scene Fusion version 1.6.0-1
2017-10-26 05:58:22.3294 [DEBUG] Play mode: True, sync in play mode: False
2017-10-26 05:59:05.1654 [DEBUG] Play mode: False
2017-10-26 06:42:04.7954 [DEBUG] Scene Fusion version 1.6.0-1
2017-10-26 06:42:05.1124 [DEBUG] Play mode: True, sync in play mode: False
2017-10-26 06:45:15.0214 [DEBUG] Play mode: False
2017-10-26 06:45:32.3394 [DEBUG] Scene Fusion version 1.6.0-1
2017-10-26 06:45:32.4184 [DEBUG] Play mode: True, sync in play mode: False
2017-10-26 06:46:52.4724 [DEBUG] Play mode: False
2017-10-26 06:48:34.3434 [DEBUG] Scene Fusion version 1.6.0-1
2017-10-26 06:48:34.4264 [DEBUG] Play mode: True, sync in play mode: False
2017-10-26 06:48:41.6814 [DEBUG] Play mode: False
2017-10-26 06:48:45.5874 [DEBUG] Scene Fusion version 1.6.0-1
2017-10-26 06:48:45.6524 [DEBUG] Play mode: True, sync in play mode: False
2017-10-26 06:49:04.0634 [DEBUG] Play mode: False
2017-10-26 06:50:19.1574 [DEBUG] Scene Fusion version 1.6.0-1
2017-10-26 06:50:19.2544 [DEBUG] Play mode: True, sync in play mode: False
2017-10-26 06:50:26.9134 [DEBUG] Play mode: False
2017-10-26 06:51:13.1374 [DEBUG] Scene Fusion version 1.6.0-1
2017-10-26 06:51:13.2214 [DEBUG] Play mode: True, sync in play mode: False
2017-10-26 06:51:16.4704 [DEBUG] Play mode: False
2017-10-26 06:51:27.5354 [DEBUG] Scene Fusion version 1.6.0-1
2017-10-26 06:51:27.5944 [DEBUG] Play mode: True, sync in play mode: False
2017-10-26 06:51:44.8424 [DEBUG] Play mode: False
2017-10-26 06:59:01.5284 [DEBUG] Scene Fusion version 1.6.0-1
2017-10-26 06:59:01.6164 [DEBUG] Play mode: True, sync in play mode: False
2017-10-26 06:59:18.2914 [DEBUG] Play mode: False
2017-10-26 06:59:24.3334 [DEBUG] Scene Fusion version 1.6.0-1
2017-10-26 06:59:24.3964 [DEBUG] Play mode: True, sync in play mode: False
2017-10-26 07:00:17.0034 [DEBUG] Play mode: False
2017-10-26 07:00:33.6524 [DEBUG] Scene Fusion version 1.6.0-1
2017-10-26 07:00:33.7304 [DEBUG] Play mode: True, sync in play mode: False
2017-10-26 07:01:24.7414 [DEBUG] Play mode: False
2017-10-26 07:01:35.2664 [DEBUG] Scene Fusion version 1.6.0-1
2017-10-26 07:01:35.3444 [DEBUG] Play mode: True, sync in play mode: False
2017-10-26 07:02:14.6694 [DEBUG] Play mode: False
2017-10-26 07:03:56.9694 [DEBUG] Scene Fusion version 1.6.0-1
2017-10-26 07:03:57.0384 [DEBUG] Play mode: True, sync in play mode: False
2017-10-26 07:04:30.1704 [DEBUG] Play mode: False
2017-10-26 07:06:46.7354 [DEBUG] Scene Fusion version 1.6.0-1
2017-10-26 07:06:46.8034 [DEBUG] Play mode: True, sync in play mode: False
2017-10-26 07:07:21.2264 [DEBUG] Play mode: False
2017-10-26 07:08:23.2474 [DEBUG] Scene Fusion version 1.6.0-1
2017-10-26 07:08:23.3114 [DEBUG] Play mode: True, sync in play mode: False
2017-10-26 07:09:11.6974 [DEBUG] Play mode: False
2017-10-26 07:09:28.2024 [DEBUG] Scene Fusion version 1.6.0-1
2017-10-26 07:09:28.2754 [DEBUG] Play mode: True, sync in play mode: False
2017-10-26 07:14:20.6034 [DEBUG] Play mode: False
2017-10-26 07:16:06.6184 [DEBUG] Scene Fusion version 1.6.0-1
2017-10-26 07:16:06.7014 [DEBUG] Play mode: True, sync in play mode: False
2017-10-26 07:17:40.4394 [DEBUG] Play mode: False
2017-10-26 07:17:48.3394 [DEBUG] Scene Fusion version 1.6.0-1
2017-10-26 07:17:48.4224 [DEBUG] Play mode: True, sync in play mode: False
2017-10-26 07:18:28.8514 [DEBUG] Play mode: False
2017-10-26 07:18:36.0844 [DEBUG] Scene Fusion version 1.6.0-1
2017-10-26 07:18:36.1654 [DEBUG] Play mode: True, sync in play mode: False
2017-10-26 07:18:58.5034 [DEBUG] Play mode: False
2017-10-26 07:20:38.3534 [DEBUG] Scene Fusion version 1.6.0-1
2017-10-26 07:20:38.4234 [DEBUG] Play mode: True, sync in play mode: False
2017-10-26 07:21:07.6524 [DEBUG] Play mode: False
2017-10-26 07:22:59.0104 [DEBUG] Scene Fusion version 1.6.0-1
2017-10-26 07:23:27.5714 [DEBUG] Scene Fusion version 1.6.0-1
2017-10-26 07:23:33.7604 [DEBUG] Scene Fusion version 1.6.0-1
2017-10-26 07:23:33.8214 [DEBUG] Play mode: True, sync in play mode: False
2017-10-26 07:23:57.1974 [DEBUG] Play mode: False
2017-10-26 07:26:53.8674 [DEBUG] Scene Fusion version 1.6.0-1
2017-10-26 07:26:54.0704 [ERROR] NullReferenceException: Object reference not set to an instance of an object
UnityEngine.PostProcessing.EyeAdaptationComponent.get_active () (at Assets/PostProcessing/Runtime/Components/EyeAdaptationComponent.cs:37)
UnityEngine.PostProcessing.PostProcessingBehaviour.OnGUI () (at Assets/PostProcessing/Runtime/PostProcessingBehaviour.cs:305)

2017-10-26 07:27:06.0654 [ERROR] NullReferenceException: Object reference not set to an instance of an object
UnityEngine.PostProcessing.EyeAdaptationComponent.get_active () (at Assets/PostProcessing/Runtime/Components/EyeAdaptationComponent.cs:37)
UnityEngine.PostProcessing.PostProcessingBehaviour.OnGUI () (at Assets/PostProcessing/Runtime/PostProcessingBehaviour.cs:305)

2017-10-26 07:27:06.3824 [ERROR] NullReferenceException: Object reference not set to an instance of an object
UnityEngine.PostProcessing.EyeAdaptationComponent.get_active () (at Assets/PostProcessing/Runtime/Components/EyeAdaptationComponent.cs:37)
UnityEngine.PostProcessing.PostProcessingBehaviour.OnGUI () (at Assets/PostProcessing/Runtime/PostProcessingBehaviour.cs:305)

2017-10-26 07:27:09.0494 [ERROR] NullReferenceException: Object reference not set to an instance of an object
UnityEngine.PostProcessing.EyeAdaptationComponent.get_active () (at Assets/PostProcessing/Runtime/Components/EyeAdaptationComponent.cs:37)
UnityEngine.PostProcessing.PostProcessingBehaviour.OnGUI () (at Assets/PostProcessing/Runtime/PostProcessingBehaviour.cs:305)

2017-10-26 07:27:09.1494 [ERROR] NullReferenceException: Object reference not set to an instance of an object
UnityEngine.PostProcessing.EyeAdaptationComponent.get_active () (at Assets/PostProcessing/Runtime/Components/EyeAdaptationComponent.cs:37)
UnityEngine.PostProcessing.PostProcessingBehaviour.OnGUI () (at Assets/PostProcessing/Runtime/PostProcessingBehaviour.cs:305)

2017-10-26 07:29:36.8974 [DEBUG] Scene Fusion version 1.6.0-1
2017-10-26 07:29:36.9604 [DEBUG] Play mode: True, sync in play mode: False
2017-10-26 07:30:20.9904 [DEBUG] Play mode: False
2017-10-26 07:36:33.6284 [DEBUG] Scene Fusion version 1.6.0-1
2017-10-26 07:36:33.8234 [ERROR] NullReferenceException: Object reference not set to an instance of an object
UnityEngine.PostProcessing.EyeAdaptationComponent.get_active () (at Assets/PostProcessing/Runtime/Components/EyeAdaptationComponent.cs:37)
UnityEngine.PostProcessing.PostProcessingBehaviour.OnGUI () (at Assets/PostProcessing/Runtime/PostProcessingBehaviour.cs:305)

2017-10-26 07:38:33.1634 [ERROR] NullReferenceException: Object reference not set to an instance of an object
UnityEngine.PostProcessing.EyeAdaptationComponent.get_active () (at Assets/PostProcessing/Runtime/Components/EyeAdaptationComponent.cs:37)
UnityEngine.PostProcessing.PostProcessingBehaviour.OnGUI () (at Assets/PostProcessing/Runtime/PostProcessingBehaviour.cs:305)

2017-10-26 07:38:33.3804 [ERROR] NullReferenceException: Object reference not set to an instance of an object
UnityEngine.PostProcessing.EyeAdaptationComponent.get_active () (at Assets/PostProcessing/Runtime/Components/EyeAdaptationComponent.cs:37)
UnityEngine.PostProcessing.PostProcessingBehaviour.OnGUI () (at Assets/PostProcessing/Runtime/PostProcessingBehaviour.cs:305)

2017-10-26 07:56:38.8664 [DEBUG] Scene Fusion version 1.6.0-1
2017-10-26 07:56:38.9054 [DEBUG] Play mode: True, sync in play mode: False
2017-10-26 07:56:40.2514 [ERROR] UnityException: Texture 'Land_Unwrap2' is not readable, the texture memory can not be accessed from scripts. You can make the texture readable in the Texture Import Settings.
UnityEngine.Texture2D.GetPixel (Int32 x, Int32 y) (at C:/buildslave/unity/build/artifacts/generated/common/runtime/TextureBindings.gen.cs:237)
GunController.Fire () (at Assets/Scripts/Player/GunController.cs:106)
GunController.Update () (at Assets/Scripts/Player/GunController.cs:77)

2017-10-26 07:56:41.1294 [ERROR] UnityException: Texture 'Land_Unwrap2' is not readable, the texture memory can not be accessed from scripts. You can make the texture readable in the Texture Import Settings.
UnityEngine.Texture2D.GetPixel (Int32 x, Int32 y) (at C:/buildslave/unity/build/artifacts/generated/common/runtime/TextureBindings.gen.cs:237)
GunController.Fire () (at Assets/Scripts/Player/GunController.cs:106)
GunController.Update () (at Assets/Scripts/Player/GunController.cs:77)

2017-10-26 07:56:43.0224 [ERROR] UnityException: Texture 'Texture_hut_wall_test_lighter' is not readable, the texture memory can not be accessed from scripts. You can make the texture readable in the Texture Import Settings.
UnityEngine.Texture2D.GetPixel (Int32 x, Int32 y) (at C:/buildslave/unity/build/artifacts/generated/common/runtime/TextureBindings.gen.cs:237)
GunController.Fire () (at Assets/Scripts/Player/GunController.cs:106)
GunController.Update () (at Assets/Scripts/Player/GunController.cs:77)

2017-10-26 07:56:43.4494 [ERROR] UnityException: Texture 'Texture_hut_wall_test_lighter' is not readable, the texture memory can not be accessed from scripts. You can make the texture readable in the Texture Import Settings.
UnityEngine.Texture2D.GetPixel (Int32 x, Int32 y) (at C:/buildslave/unity/build/artifacts/generated/common/runtime/TextureBindings.gen.cs:237)
GunController.Fire () (at Assets/Scripts/Player/GunController.cs:106)
GunController.Update () (at Assets/Scripts/Player/GunController.cs:77)

2017-10-26 07:56:43.5694 [ERROR] UnityException: Texture 'Texture_hut_wall_test_lighter' is not readable, the texture memory can not be accessed from scripts. You can make the texture readable in the Texture Import Settings.
UnityEngine.Texture2D.GetPixel (Int32 x, Int32 y) (at C:/buildslave/unity/build/artifacts/generated/common/runtime/TextureBindings.gen.cs:237)
GunController.Fire () (at Assets/Scripts/Player/GunController.cs:106)
GunController.Update () (at Assets/Scripts/Player/GunController.cs:77)

2017-10-26 07:56:43.6964 [ERROR] UnityException: Texture 'Texture_hut_wall_test_lighter' is not readable, the texture memory can not be accessed from scripts. You can make the texture readable in the Texture Import Settings.
UnityEngine.Texture2D.GetPixel (Int32 x, Int32 y) (at C:/buildslave/unity/build/artifacts/generated/common/runtime/TextureBindings.gen.cs:237)
GunController.Fire () (at Assets/Scripts/Player/GunController.cs:106)
GunController.Update () (at Assets/Scripts/Player/GunController.cs:77)

2017-10-26 07:56:43.8104 [ERROR] UnityException: Texture 'Texture_hut_wall_test_lighter' is not readable, the texture memory can not be accessed from scripts. You can make the texture readable in the Texture Import Settings.
UnityEngine.Texture2D.GetPixel (Int32 x, Int32 y) (at C:/buildslave/unity/build/artifacts/generated/common/runtime/TextureBindings.gen.cs:237)
GunController.Fire () (at Assets/Scripts/Player/GunController.cs:106)
GunController.Update () (at Assets/Scripts/Player/GunController.cs:77)

2017-10-26 07:56:45.3714 [DEBUG] Play mode: False
2017-10-26 07:57:15.8704 [DEBUG] Scene Fusion version 1.6.0-1
2017-10-26 07:57:15.8934 [ERROR] UnityException: Texture 'Land_Unwrap2' is not readable, the texture memory can not be accessed from scripts. You can make the texture readable in the Texture Import Settings.
UnityEngine.Texture2D.GetPixel (Int32 x, Int32 y) (at C:/buildslave/unity/build/artifacts/generated/common/runtime/TextureBindings.gen.cs:237)
GunController.Fire () (at Assets/Scripts/Player/GunController.cs:106)
GunController.Update () (at Assets/Scripts/Player/GunController.cs:77)

2017-10-26 07:57:15.9364 [DEBUG] Play mode: True, sync in play mode: False
2017-10-26 07:57:17.4974 [ERROR] UnityException: Texture 'Texture_hut_wall_test_lighter' is not readable, the texture memory can not be accessed from scripts. You can make the texture readable in the Texture Import Settings.
UnityEngine.Texture2D.GetPixel (Int32 x, Int32 y) (at C:/buildslave/unity/build/artifacts/generated/common/runtime/TextureBindings.gen.cs:237)
GunController.Fire () (at Assets/Scripts/Player/GunController.cs:106)
GunController.Update () (at Assets/Scripts/Player/GunController.cs:77)

2017-10-26 07:57:17.6294 [ERROR] UnityException: Texture 'Texture_hut_wall_test_lighter' is not readable, the texture memory can not be accessed from scripts. You can make the texture readable in the Texture Import Settings.
UnityEngine.Texture2D.GetPixel (Int32 x, Int32 y) (at C:/buildslave/unity/build/artifacts/generated/common/runtime/TextureBindings.gen.cs:237)
GunController.Fire () (at Assets/Scripts/Player/GunController.cs:106)
GunController.Update () (at Assets/Scripts/Player/GunController.cs:77)

2017-10-26 07:57:26.9714 [ERROR] UnityException: Texture 'Texture_hut_wall_test_lighter' is not readable, the texture memory can not be accessed from scripts. You can make the texture readable in the Texture Import Settings.
UnityEngine.Texture2D.GetPixel (Int32 x, Int32 y) (at C:/buildslave/unity/build/artifacts/generated/common/runtime/TextureBindings.gen.cs:237)
GunController.Fire () (at Assets/Scripts/Player/GunController.cs:106)
GunController.Update () (at Assets/Scripts/Player/GunController.cs:77)

2017-10-26 07:57:27.0864 [ERROR] UnityException: Texture 'Texture_hut_wall_test_lighter' is not readable, the texture memory can not be accessed from scripts. You can make the texture readable in the Texture Import Settings.
UnityEngine.Texture2D.GetPixel (Int32 x, Int32 y) (at C:/buildslave/unity/build/artifacts/generated/common/runtime/TextureBindings.gen.cs:237)
GunController.Fire () (at Assets/Scripts/Player/GunController.cs:106)
GunController.Update () (at Assets/Scripts/Player/GunController.cs:77)

2017-10-26 07:57:27.2044 [ERROR] UnityException: Texture 'Texture_hut_wall_test_lighter' is not readable, the texture memory can not be accessed from scripts. You can make the texture readable in the Texture Import Settings.
UnityEngine.Texture2D.GetPixel (Int32 x, Int32 y) (at C:/buildslave/unity/build/artifacts/generated/common/runtime/TextureBindings.gen.cs:237)
GunController.Fire () (at Assets/Scripts/Player/GunController.cs:106)
GunController.Update () (at Assets/Scripts/Player/GunController.cs:77)

2017-10-26 07:57:27.3324 [ERROR] UnityException: Texture 'Texture_hut_wall_test_lighter' is not readable, the texture memory can not be accessed from scripts. You can make the texture readable in the Texture Import Settings.
UnityEngine.Texture2D.GetPixel (Int32 x, Int32 y) (at C:/buildslave/unity/build/artifacts/generated/common/runtime/TextureBindings.gen.cs:237)
GunController.Fire () (at Assets/Scripts/Player/GunController.cs:106)
GunController.Update () (at Assets/Scripts/Player/GunController.cs:77)

2017-10-26 07:57:27.4564 [ERROR] UnityException: Texture 'Texture_hut_wall_test_lighter' is not readable, the texture memory can not be accessed from scripts. You can make the texture readable in the Texture Import Settings.
UnityEngine.Texture2D.GetPixel (Int32 x, Int32 y) (at C:/buildslave/unity/build/artifacts/generated/common/runtime/TextureBindings.gen.cs:237)
GunController.Fire () (at Assets/Scripts/Player/GunController.cs:106)
GunController.Update () (at Assets/Scripts/Player/GunController.cs:77)

2017-10-26 07:57:27.5784 [ERROR] UnityException: Texture 'Texture_hut_wall_test_lighter' is not readable, the texture memory can not be accessed from scripts. You can make the texture readable in the Texture Import Settings.
UnityEngine.Texture2D.GetPixel (Int32 x, Int32 y) (at C:/buildslave/unity/build/artifacts/generated/common/runtime/TextureBindings.gen.cs:237)
GunController.Fire () (at Assets/Scripts/Player/GunController.cs:106)
GunController.Update () (at Assets/Scripts/Player/GunController.cs:77)

2017-10-26 07:57:27.7034 [ERROR] UnityException: Texture 'Texture_hut_wall_test_lighter' is not readable, the texture memory can not be accessed from scripts. You can make the texture readable in the Texture Import Settings.
UnityEngine.Texture2D.GetPixel (Int32 x, Int32 y) (at C:/buildslave/unity/build/artifacts/generated/common/runtime/TextureBindings.gen.cs:237)
GunController.Fire () (at Assets/Scripts/Player/GunController.cs:106)
GunController.Update () (at Assets/Scripts/Player/GunController.cs:77)

2017-10-26 07:57:27.8234 [ERROR] UnityException: Texture 'Texture_hut_wall_test_lighter' is not readable, the texture memory can not be accessed from scripts. You can make the texture readable in the Texture Import Settings.
UnityEngine.Texture2D.GetPixel (Int32 x, Int32 y) (at C:/buildslave/unity/build/artifacts/generated/common/runtime/TextureBindings.gen.cs:237)
GunController.Fire () (at Assets/Scripts/Player/GunController.cs:106)
GunController.Update () (at Assets/Scripts/Player/GunController.cs:77)

2017-10-26 07:57:27.9364 [ERROR] UnityException: Texture 'Texture_hut_wall_test_lighter' is not readable, the texture memory can not be accessed from scripts. You can make the texture readable in the Texture Import Settings.
UnityEngine.Texture2D.GetPixel (Int32 x, Int32 y) (at C:/buildslave/unity/build/artifacts/generated/common/runtime/TextureBindings.gen.cs:237)
GunController.Fire () (at Assets/Scripts/Player/GunController.cs:106)
GunController.Update () (at Assets/Scripts/Player/GunController.cs:77)

2017-10-26 07:57:28.0554 [ERROR] UnityException: Texture 'Texture_hut_wall_test_lighter' is not readable, the texture memory can not be accessed from scripts. You can make the texture readable in the Texture Import Settings.
UnityEngine.Texture2D.GetPixel (Int32 x, Int32 y) (at C:/buildslave/unity/build/artifacts/generated/common/runtime/TextureBindings.gen.cs:237)
GunController.Fire () (at Assets/Scripts/Player/GunController.cs:106)
GunController.Update () (at Assets/Scripts/Player/GunController.cs:77)

2017-10-26 07:57:28.1884 [ERROR] UnityException: Texture 'Texture_hut_wall_test_lighter' is not readable, the texture memory can not be accessed from scripts. You can make the texture readable in the Texture Import Settings.
UnityEngine.Texture2D.GetPixel (Int32 x, Int32 y) (at C:/buildslave/unity/build/artifacts/generated/common/runtime/TextureBindings.gen.cs:237)
GunController.Fire () (at Assets/Scripts/Player/GunController.cs:106)
GunController.Update () (at Assets/Scripts/Player/GunController.cs:77)

2017-10-26 07:57:30.1884 [DEBUG] Play mode: False
2017-10-26 07:58:14.8964 [DEBUG] Scene Fusion version 1.6.0-1
2017-10-26 07:58:14.9584 [DEBUG] Play mode: True, sync in play mode: False
2017-10-26 07:58:23.6634 [ERROR] UnityException: Texture 'bark' is not readable, the texture memory can not be accessed from scripts. You can make the texture readable in the Texture Import Settings.
UnityEngine.Texture2D.GetPixel (Int32 x, Int32 y) (at C:/buildslave/unity/build/artifacts/generated/common/runtime/TextureBindings.gen.cs:237)
GunController.Fire () (at Assets/Scripts/Player/GunController.cs:106)
GunController.Update () (at Assets/Scripts/Player/GunController.cs:77)

2017-10-26 07:58:23.8194 [ERROR] UnityException: Texture 'bark' is not readable, the texture memory can not be accessed from scripts. You can make the texture readable in the Texture Import Settings.
UnityEngine.Texture2D.GetPixel (Int32 x, Int32 y) (at C:/buildslave/unity/build/artifacts/generated/common/runtime/TextureBindings.gen.cs:237)
GunController.Fire () (at Assets/Scripts/Player/GunController.cs:106)
GunController.Update () (at Assets/Scripts/Player/GunController.cs:77)

2017-10-26 07:58:23.9394 [ERROR] UnityException: Texture 'bark' is not readable, the texture memory can not be accessed from scripts. You can make the texture readable in the Texture Import Settings.
UnityEngine.Texture2D.GetPixel (Int32 x, Int32 y) (at C:/buildslave/unity/build/artifacts/generated/common/runtime/TextureBindings.gen.cs:237)
GunController.Fire () (at Assets/Scripts/Player/GunController.cs:106)
GunController.Update () (at Assets/Scripts/Player/GunController.cs:77)

2017-10-26 07:58:24.0574 [ERROR] UnityException: Texture 'bark' is not readable, the texture memory can not be accessed from scripts. You can make the texture readable in the Texture Import Settings.
UnityEngine.Texture2D.GetPixel (Int32 x, Int32 y) (at C:/buildslave/unity/build/artifacts/generated/common/runtime/TextureBindings.gen.cs:237)
GunController.Fire () (at Assets/Scripts/Player/GunController.cs:106)
GunController.Update () (at Assets/Scripts/Player/GunController.cs:77)

2017-10-26 07:58:24.1714 [ERROR] UnityException: Texture 'bark' is not readable, the texture memory can not be accessed from scripts. You can make the texture readable in the Texture Import Settings.
UnityEngine.Texture2D.GetPixel (Int32 x, Int32 y) (at C:/buildslave/unity/build/artifacts/generated/common/runtime/TextureBindings.gen.cs:237)
GunController.Fire () (at Assets/Scripts/Player/GunController.cs:106)
GunController.Update () (at Assets/Scripts/Player/GunController.cs:77)

2017-10-26 07:58:24.2984 [ERROR] UnityException: Texture 'bark' is not readable, the texture memory can not be accessed from scripts. You can make the texture readable in the Texture Import Settings.
UnityEngine.Texture2D.GetPixel (Int32 x, Int32 y) (at C:/buildslave/unity/build/artifacts/generated/common/runtime/TextureBindings.gen.cs:237)
GunController.Fire () (at Assets/Scripts/Player/GunController.cs:106)
GunController.Update () (at Assets/Scripts/Player/GunController.cs:77)

2017-10-26 07:58:56.4234 [DEBUG] Play mode: False
2017-10-26 07:59:50.3064 [DEBUG] Scene Fusion version 1.6.0-1
2017-10-26 07:59:50.3674 [DEBUG] Play mode: True, sync in play mode: False
2017-10-26 07:59:51.0274 [ERROR] NullReferenceException: Object reference not set to an instance of an object
GunController.Fire () (at Assets/Scripts/Player/GunController.cs:105)
GunController.Update () (at Assets/Scripts/Player/GunController.cs:77)

2017-10-26 07:59:51.1394 [ERROR] NullReferenceException: Object reference not set to an instance of an object
GunController.Fire () (at Assets/Scripts/Player/GunController.cs:105)
GunController.Update () (at Assets/Scripts/Player/GunController.cs:77)

2017-10-26 07:59:51.2664 [ERROR] NullReferenceException: Object reference not set to an instance of an object
GunController.Fire () (at Assets/Scripts/Player/GunController.cs:105)
GunController.Update () (at Assets/Scripts/Player/GunController.cs:77)

2017-10-26 07:59:51.3924 [ERROR] NullReferenceException: Object reference not set to an instance of an object
GunController.Fire () (at Assets/Scripts/Player/GunController.cs:105)
GunController.Update () (at Assets/Scripts/Player/GunController.cs:77)

2017-10-26 07:59:51.5204 [ERROR] NullReferenceException: Object reference not set to an instance of an object
GunController.Fire () (at Assets/Scripts/Player/GunController.cs:105)
GunController.Update () (at Assets/Scripts/Player/GunController.cs:77)

2017-10-26 07:59:51.6354 [ERROR] NullReferenceException: Object reference not set to an instance of an object
GunController.Fire () (at Assets/Scripts/Player/GunController.cs:105)
GunController.Update () (at Assets/Scripts/Player/GunController.cs:77)

2017-10-26 07:59:51.8394 [ERROR] NullReferenceException: Object reference not set to an instance of an object
GunController.Fire () (at Assets/Scripts/Player/GunController.cs:105)
GunController.Update () (at Assets/Scripts/Player/GunController.cs:77)

2017-10-26 07:59:51.9544 [ERROR] NullReferenceException: Object reference not set to an instance of an object
GunController.Fire () (at Assets/Scripts/Player/GunController.cs:105)
GunController.Update () (at Assets/Scripts/Player/GunController.cs:77)

2017-10-26 07:59:52.0674 [ERROR] NullReferenceException: Object reference not set to an instance of an object
GunController.Fire () (at Assets/Scripts/Player/GunController.cs:105)
GunController.Update () (at Assets/Scripts/Player/GunController.cs:77)

2017-10-26 07:59:52.1894 [ERROR] NullReferenceException: Object reference not set to an instance of an object
GunController.Fire () (at Assets/Scripts/Player/GunController.cs:105)
GunController.Update () (at Assets/Scripts/Player/GunController.cs:77)

2017-10-26 07:59:52.3354 [ERROR] NullReferenceException: Object reference not set to an instance of an object
GunController.Fire () (at Assets/Scripts/Player/GunController.cs:105)
GunController.Update () (at Assets/Scripts/Player/GunController.cs:77)

2017-10-26 07:59:52.4564 [ERROR] NullReferenceException: Object reference not set to an instance of an object
GunController.Fire () (at Assets/Scripts/Player/GunController.cs:105)
GunController.Update () (at Assets/Scripts/Player/GunController.cs:77)

2017-10-26 07:59:52.5684 [ERROR] NullReferenceException: Object reference not set to an instance of an object
GunController.Fire () (at Assets/Scripts/Player/GunController.cs:105)
GunController.Update () (at Assets/Scripts/Player/GunController.cs:77)

2017-10-26 07:59:52.6904 [ERROR] NullReferenceException: Object reference not set to an instance of an object
GunController.Fire () (at Assets/Scripts/Player/GunController.cs:105)
GunController.Update () (at Assets/Scripts/Player/GunController.cs:77)

2017-10-26 07:59:52.8174 [ERROR] NullReferenceException: Object reference not set to an instance of an object
GunController.Fire () (at Assets/Scripts/Player/GunController.cs:105)
GunController.Update () (at Assets/Scripts/Player/GunController.cs:77)

2017-10-26 07:59:52.9354 [ERROR] NullReferenceException: Object reference not set to an instance of an object
GunController.Fire () (at Assets/Scripts/Player/GunController.cs:105)
GunController.Update () (at Assets/Scripts/Player/GunController.cs:77)

2017-10-26 07:59:53.0514 [ERROR] NullReferenceException: Object reference not set to an instance of an object
GunController.Fire () (at Assets/Scripts/Player/GunController.cs:105)
GunController.Update () (at Assets/Scripts/Player/GunController.cs:77)

2017-10-26 07:59:53.1764 [ERROR] NullReferenceException: Object reference not set to an instance of an object
GunController.Fire () (at Assets/Scripts/Player/GunController.cs:105)
GunController.Update () (at Assets/Scripts/Player/GunController.cs:77)

2017-10-26 07:59:56.1624 [ERROR] NullReferenceException: Object reference not set to an instance of an object
GunController.Fire () (at Assets/Scripts/Player/GunController.cs:105)
GunController.Update () (at Assets/Scripts/Player/GunController.cs:77)

2017-10-26 07:59:56.2754 [ERROR] NullReferenceException: Object reference not set to an instance of an object
GunController.Fire () (at Assets/Scripts/Player/GunController.cs:105)
GunController.Update () (at Assets/Scripts/Player/GunController.cs:77)

2017-10-26 07:59:58.5524 [DEBUG] Play mode: False
2017-10-26 08:03:06.2914 [DEBUG] Scene Fusion version 1.6.0-1
2017-10-26 08:03:32.7064 [DEBUG] Scene Fusion version 1.6.0-1
2017-10-26 08:03:32.7284 [ERROR] UnityException: Texture 'Land_Unwrap2' is not readable, the texture memory can not be accessed from scripts. You can make the texture readable in the Texture Import Settings.
UnityEngine.Texture2D.GetPixel (Int32 x, Int32 y) (at C:/buildslave/unity/build/artifacts/generated/common/runtime/TextureBindings.gen.cs:237)
GunController.Fire () (at Assets/Scripts/Player/GunController.cs:109)
GunController.Update () (at Assets/Scripts/Player/GunController.cs:77)

2017-10-26 08:03:32.7944 [DEBUG] Play mode: True, sync in play mode: False
2017-10-26 08:03:38.0724 [ERROR] UnityException: Texture 'Land_Unwrap2' is not readable, the texture memory can not be accessed from scripts. You can make the texture readable in the Texture Import Settings.
UnityEngine.Texture2D.GetPixel (Int32 x, Int32 y) (at C:/buildslave/unity/build/artifacts/generated/common/runtime/TextureBindings.gen.cs:237)
GunController.Fire () (at Assets/Scripts/Player/GunController.cs:109)
GunController.Update () (at Assets/Scripts/Player/GunController.cs:77)

2017-10-26 08:04:18.1124 [DEBUG] Play mode: False
2017-10-26 08:04:48.6864 [DEBUG] Scene Fusion version 1.6.0-1
2017-10-26 08:04:48.7614 [DEBUG] Play mode: True, sync in play mode: False
2017-10-26 08:04:56.7174 [ERROR] UnityException: Texture 'Land_Unwrap2' is not readable, the texture memory can not be accessed from scripts. You can make the texture readable in the Texture Import Settings.
UnityEngine.Texture2D.GetPixel (Int32 x, Int32 y) (at C:/buildslave/unity/build/artifacts/generated/common/runtime/TextureBindings.gen.cs:237)
GunController.Fire () (at Assets/Scripts/Player/GunController.cs:109)
GunController.Update () (at Assets/Scripts/Player/GunController.cs:77)

2017-10-26 08:04:58.4964 [ERROR] UnityException: Texture 'Land_Unwrap2' is not readable, the texture memory can not be accessed from scripts. You can make the texture readable in the Texture Import Settings.
UnityEngine.Texture2D.GetPixel (Int32 x, Int32 y) (at C:/buildslave/unity/build/artifacts/generated/common/runtime/TextureBindings.gen.cs:237)
GunController.Fire () (at Assets/Scripts/Player/GunController.cs:109)
GunController.Update () (at Assets/Scripts/Player/GunController.cs:77)

2017-10-26 08:04:59.1714 [ERROR] UnityException: Texture 'Land_Unwrap2' is not readable, the texture memory can not be accessed from scripts. You can make the texture readable in the Texture Import Settings.
UnityEngine.Texture2D.GetPixel (Int32 x, Int32 y) (at C:/buildslave/unity/build/artifacts/generated/common/runtime/TextureBindings.gen.cs:237)
GunController.Fire () (at Assets/Scripts/Player/GunController.cs:109)
GunController.Update () (at Assets/Scripts/Player/GunController.cs:77)

2017-10-26 08:05:00.1834 [ERROR] UnityException: Texture 'Land_Unwrap2' is not readable, the texture memory can not be accessed from scripts. You can make the texture readable in the Texture Import Settings.
UnityEngine.Texture2D.GetPixel (Int32 x, Int32 y) (at C:/buildslave/unity/build/artifacts/generated/common/runtime/TextureBindings.gen.cs:237)
GunController.Fire () (at Assets/Scripts/Player/GunController.cs:109)
GunController.Update () (at Assets/Scripts/Player/GunController.cs:77)

2017-10-26 08:05:00.5334 [ERROR] UnityException: Texture 'Land_Unwrap2' is not readable, the texture memory can not be accessed from scripts. You can make the texture readable in the Texture Import Settings.
UnityEngine.Texture2D.GetPixel (Int32 x, Int32 y) (at C:/buildslave/unity/build/artifacts/generated/common/runtime/TextureBindings.gen.cs:237)
GunController.Fire () (at Assets/Scripts/Player/GunController.cs:109)
GunController.Update () (at Assets/Scripts/Player/GunController.cs:77)

2017-10-26 08:05:01.8494 [ERROR] UnityException: Texture 'Land_Unwrap2' is not readable, the texture memory can not be accessed from scripts. You can make the texture readable in the Texture Import Settings.
UnityEngine.Texture2D.GetPixel (Int32 x, Int32 y) (at C:/buildslave/unity/build/artifacts/generated/common/runtime/TextureBindings.gen.cs:237)
GunController.Fire () (at Assets/Scripts/Player/GunController.cs:109)
GunController.Update () (at Assets/Scripts/Player/GunController.cs:77)

2017-10-26 08:05:02.4644 [ERROR] UnityException: Texture 'Land_Unwrap2' is not readable, the texture memory can not be accessed from scripts. You can make the texture readable in the Texture Import Settings.
UnityEngine.Texture2D.GetPixel (Int32 x, Int32 y) (at C:/buildslave/unity/build/artifacts/generated/common/runtime/TextureBindings.gen.cs:237)
GunController.Fire () (at Assets/Scripts/Player/GunController.cs:109)
GunController.Update () (at Assets/Scripts/Player/GunController.cs:77)

2017-10-26 08:05:06.3864 [ERROR] UnityException: Texture 'Land_Unwrap2' is not readable, the texture memory can not be accessed from scripts. You can make the texture readable in the Texture Import Settings.
UnityEngine.Texture2D.GetPixel (Int32 x, Int32 y) (at C:/buildslave/unity/build/artifacts/generated/common/runtime/TextureBindings.gen.cs:237)
GunController.Fire () (at Assets/Scripts/Player/GunController.cs:109)
GunController.Update () (at Assets/Scripts/Player/GunController.cs:77)

2017-10-26 08:05:13.3064 [ERROR] UnityException: Texture 'Land_Unwrap2' is not readable, the texture memory can not be accessed from scripts. You can make the texture readable in the Texture Import Settings.
UnityEngine.Texture2D.GetPixel (Int32 x, Int32 y) (at C:/buildslave/unity/build/artifacts/generated/common/runtime/TextureBindings.gen.cs:237)
GunController.Fire () (at Assets/Scripts/Player/GunController.cs:109)
GunController.Update () (at Assets/Scripts/Player/GunController.cs:77)

2017-10-26 08:05:13.4244 [ERROR] UnityException: Texture 'Land_Unwrap2' is not readable, the texture memory can not be accessed from scripts. You can make the texture readable in the Texture Import Settings.
UnityEngine.Texture2D.GetPixel (Int32 x, Int32 y) (at C:/buildslave/unity/build/artifacts/generated/common/runtime/TextureBindings.gen.cs:237)
GunController.Fire () (at Assets/Scripts/Player/GunController.cs:109)
GunController.Update () (at Assets/Scripts/Player/GunController.cs:77)

2017-10-26 08:05:13.5434 [ERROR] UnityException: Texture 'Land_Unwrap2' is not readable, the texture memory can not be accessed from scripts. You can make the texture readable in the Texture Import Settings.
UnityEngine.Texture2D.GetPixel (Int32 x, Int32 y) (at C:/buildslave/unity/build/artifacts/generated/common/runtime/TextureBindings.gen.cs:237)
GunController.Fire () (at Assets/Scripts/Player/GunController.cs:109)
GunController.Update () (at Assets/Scripts/Player/GunController.cs:77)

2017-10-26 08:05:13.6564 [ERROR] UnityException: Texture 'Land_Unwrap2' is not readable, the texture memory can not be accessed from scripts. You can make the texture readable in the Texture Import Settings.
UnityEngine.Texture2D.GetPixel (Int32 x, Int32 y) (at C:/buildslave/unity/build/artifacts/generated/common/runtime/TextureBindings.gen.cs:237)
GunController.Fire () (at Assets/Scripts/Player/GunController.cs:109)
GunController.Update () (at Assets/Scripts/Player/GunController.cs:77)

2017-10-26 08:05:14.0044 [ERROR] UnityException: Texture 'Land_Unwrap2' is not readable, the texture memory can not be accessed from scripts. You can make the texture readable in the Texture Import Settings.
UnityEngine.Texture2D.GetPixel (Int32 x, Int32 y) (at C:/buildslave/unity/build/artifacts/generated/common/runtime/TextureBindings.gen.cs:237)
GunController.Fire () (at Assets/Scripts/Player/GunController.cs:109)
GunController.Update () (at Assets/Scripts/Player/GunController.cs:77)

2017-10-26 08:05:14.1284 [ERROR] UnityException: Texture 'Land_Unwrap2' is not readable, the texture memory can not be accessed from scripts. You can make the texture readable in the Texture Import Settings.
UnityEngine.Texture2D.GetPixel (Int32 x, Int32 y) (at C:/buildslave/unity/build/artifacts/generated/common/runtime/TextureBindings.gen.cs:237)
GunController.Fire () (at Assets/Scripts/Player/GunController.cs:109)
GunController.Update () (at Assets/Scripts/Player/GunController.cs:77)

2017-10-26 08:05:14.2554 [ERROR] UnityException: Texture 'Land_Unwrap2' is not readable, the texture memory can not be accessed from scripts. You can make the texture readable in the Texture Import Settings.
UnityEngine.Texture2D.GetPixel (Int32 x, Int32 y) (at C:/buildslave/unity/build/artifacts/generated/common/runtime/TextureBindings.gen.cs:237)
GunController.Fire () (at Assets/Scripts/Player/GunController.cs:109)
GunController.Update () (at Assets/Scripts/Player/GunController.cs:77)

2017-10-26 08:05:14.3904 [ERROR] UnityException: Texture 'Land_Unwrap2' is not readable, the texture memory can not be accessed from scripts. You can make the texture readable in the Texture Import Settings.
UnityEngine.Texture2D.GetPixel (Int32 x, Int32 y) (at C:/buildslave/unity/build/artifacts/generated/common/runtime/TextureBindings.gen.cs:237)
GunController.Fire () (at Assets/Scripts/Player/GunController.cs:109)
GunController.Update () (at Assets/Scripts/Player/GunController.cs:77)

2017-10-26 08:05:14.5094 [ERROR] UnityException: Texture 'Land_Unwrap2' is not readable, the texture memory can not be accessed from scripts. You can make the texture readable in the Texture Import Settings.
UnityEngine.Texture2D.GetPixel (Int32 x, Int32 y) (at C:/buildslave/unity/build/artifacts/generated/common/runtime/TextureBindings.gen.cs:237)
GunController.Fire () (at Assets/Scripts/Player/GunController.cs:109)
GunController.Update () (at Assets/Scripts/Player/GunController.cs:77)

2017-10-26 08:05:14.6354 [ERROR] UnityException: Texture 'Land_Unwrap2' is not readable, the texture memory can not be accessed from scripts. You can make the texture readable in the Texture Import Settings.
UnityEngine.Texture2D.GetPixel (Int32 x, Int32 y) (at C:/buildslave/unity/build/artifacts/generated/common/runtime/TextureBindings.gen.cs:237)
GunController.Fire () (at Assets/Scripts/Player/GunController.cs:109)
GunController.Update () (at Assets/Scripts/Player/GunController.cs:77)

2017-10-26 08:05:14.7694 [ERROR] UnityException: Texture 'Land_Unwrap2' is not readable, the texture memory can not be accessed from scripts. You can make the texture readable in the Texture Import Settings.
UnityEngine.Texture2D.GetPixel (Int32 x, Int32 y) (at C:/buildslave/unity/build/artifacts/generated/common/runtime/TextureBindings.gen.cs:237)
GunController.Fire () (at Assets/Scripts/Player/GunController.cs:109)
GunController.Update () (at Assets/Scripts/Player/GunController.cs:77)

2017-10-26 08:05:14.8904 [ERROR] UnityException: Texture 'Land_Unwrap2' is not readable, the texture memory can not be accessed from scripts. You can make the texture readable in the Texture Import Settings.
UnityEngine.Texture2D.GetPixel (Int32 x, Int32 y) (at C:/buildslave/unity/build/artifacts/generated/common/runtime/TextureBindings.gen.cs:237)
GunController.Fire () (at Assets/Scripts/Player/GunController.cs:109)
GunController.Update () (at Assets/Scripts/Player/GunController.cs:77)

2017-10-26 08:05:15.0044 [ERROR] UnityException: Texture 'Land_Unwrap2' is not readable, the texture memory can not be accessed from scripts. You can make the texture readable in the Texture Import Settings.
UnityEngine.Texture2D.GetPixel (Int32 x, Int32 y) (at C:/buildslave/unity/build/artifacts/generated/common/runtime/TextureBindings.gen.cs:237)
GunController.Fire () (at Assets/Scripts/Player/GunController.cs:109)
GunController.Update () (at Assets/Scripts/Player/GunController.cs:77)

2017-10-26 08:05:15.1434 [ERROR] UnityException: Texture 'Land_Unwrap2' is not readable, the texture memory can not be accessed from scripts. You can make the texture readable in the Texture Import Settings.
UnityEngine.Texture2D.GetPixel (Int32 x, Int32 y) (at C:/buildslave/unity/build/artifacts/generated/common/runtime/TextureBindings.gen.cs:237)
GunController.Fire () (at Assets/Scripts/Player/GunController.cs:109)
GunController.Update () (at Assets/Scripts/Player/GunController.cs:77)

2017-10-26 08:05:15.2614 [ERROR] UnityException: Texture 'Land_Unwrap2' is not readable, the texture memory can not be accessed from scripts. You can make the texture readable in the Texture Import Settings.
UnityEngine.Texture2D.GetPixel (Int32 x, Int32 y) (at C:/buildslave/unity/build/artifacts/generated/common/runtime/TextureBindings.gen.cs:237)
GunController.Fire () (at Assets/Scripts/Player/GunController.cs:109)
GunController.Update () (at Assets/Scripts/Player/GunController.cs:77)

2017-10-26 08:05:15.3994 [ERROR] UnityException: Texture 'Land_Unwrap2' is not readable, the texture memory can not be accessed from scripts. You can make the texture readable in the Texture Import Settings.
UnityEngine.Texture2D.GetPixel (Int32 x, Int32 y) (at C:/buildslave/unity/build/artifacts/generated/common/runtime/TextureBindings.gen.cs:237)
GunController.Fire () (at Assets/Scripts/Player/GunController.cs:109)
GunController.Update () (at Assets/Scripts/Player/GunController.cs:77)

2017-10-26 08:05:15.5114 [ERROR] UnityException: Texture 'Land_Unwrap2' is not readable, the texture memory can not be accessed from scripts. You can make the texture readable in the Texture Import Settings.
UnityEngine.Texture2D.GetPixel (Int32 x, Int32 y) (at C:/buildslave/unity/build/artifacts/generated/common/runtime/TextureBindings.gen.cs:237)
GunController.Fire () (at Assets/Scripts/Player/GunController.cs:109)
GunController.Update () (at Assets/Scripts/Player/GunController.cs:77)

2017-10-26 08:05:15.6254 [ERROR] UnityException: Texture 'Land_Unwrap2' is not readable, the texture memory can not be accessed from scripts. You can make the texture readable in the Texture Import Settings.
UnityEngine.Texture2D.GetPixel (Int32 x, Int32 y) (at C:/buildslave/unity/build/artifacts/generated/common/runtime/TextureBindings.gen.cs:237)
GunController.Fire () (at Assets/Scripts/Player/GunController.cs:109)
GunController.Update () (at Assets/Scripts/Player/GunController.cs:77)

2017-10-26 08:05:15.7584 [ERROR] UnityException: Texture 'Land_Unwrap2' is not readable, the texture memory can not be accessed from scripts. You can make the texture readable in the Texture Import Settings.
UnityEngine.Texture2D.GetPixel (Int32 x, Int32 y) (at C:/buildslave/unity/build/artifacts/generated/common/runtime/TextureBindings.gen.cs:237)
GunController.Fire () (at Assets/Scripts/Player/GunController.cs:109)
GunController.Update () (at Assets/Scripts/Player/GunController.cs:77)

2017-10-26 08:05:15.8734 [ERROR] UnityException: Texture 'Land_Unwrap2' is not readable, the texture memory can not be accessed from scripts. You can make the texture readable in the Texture Import Settings.
UnityEngine.Texture2D.GetPixel (Int32 x, Int32 y) (at C:/buildslave/unity/build/artifacts/generated/common/runtime/TextureBindings.gen.cs:237)
GunController.Fire () (at Assets/Scripts/Player/GunController.cs:109)
GunController.Update () (at Assets/Scripts/Player/GunController.cs:77)

2017-10-26 08:05:15.9984 [ERROR] UnityException: Texture 'Land_Unwrap2' is not readable, the texture memory can not be accessed from scripts. You can make the texture readable in the Texture Import Settings.
UnityEngine.Texture2D.GetPixel (Int32 x, Int32 y) (at C:/buildslave/unity/build/artifacts/generated/common/runtime/TextureBindings.gen.cs:237)
GunController.Fire () (at Assets/Scripts/Player/GunController.cs:109)
GunController.Update () (at Assets/Scripts/Player/GunController.cs:77)

2017-10-26 08:05:17.8774 [DEBUG] Play mode: False
2017-10-26 08:05:38.9684 [DEBUG] Scene Fusion version 1.6.0-1
2017-10-26 08:05:39.0564 [DEBUG] Play mode: True, sync in play mode: False
2017-10-26 08:07:26.1994 [DEBUG] Play mode: False
2017-10-26 08:12:07.0124 [DEBUG] Scene Fusion version 1.6.0-1
2017-10-26 08:12:07.0874 [DEBUG] Play mode: True, sync in play mode: False
2017-10-26 08:16:23.6584 [DEBUG] Play mode: False
2017-10-26 08:21:51.7414 [DEBUG] Scene Fusion version 1.6.0-1
2017-10-26 08:21:51.9344 [ERROR] NullReferenceException: Object reference not set to an instance of an object
UnityEngine.PostProcessing.EyeAdaptationComponent.get_active () (at Assets/PostProcessing/Runtime/Components/EyeAdaptationComponent.cs:37)
UnityEngine.PostProcessing.PostProcessingBehaviour.OnGUI () (at Assets/PostProcessing/Runtime/PostProcessingBehaviour.cs:305)

